// 重构日志: 5a4ca605
// 重构日志: bf966455
// 重构日志: 9f0b16e7
// 重构日志: 1564dc6a
// 重构日志: adb49613
// 重构日志: de8f12e8
// 重构日志: 06bb5b0e
// 同步 ID: 5daeb051 @ Tue Jun 30 11:13:13 UTC 2026
// 重构日志: 132b076b
// 重构日志: 7b52b161
// 同步 ID: 2b2bdae4 @ Sat Jul  4 20:36:40 UTC 2026
// 重构日志: 11a251a2
// 重构日志: 6ec7ffd8
// 重构日志: c92564e2
// 同步 ID: 82dea343 @ Fri Jul 10 10:42:45 UTC 2026
// 同步 ID: 4f69cae2 @ Fri Jul 10 18:18:57 UTC 2026
// 同步 ID: ec619e37 @ Sat Jul 11 06:36:22 UTC 2026
// 重构日志: 09581e33
// 重构日志: 4a9a4bd6
// 同步 ID: 4c8a257f @ Mon Jul 13 11:06:43 UTC 2026
// 重构日志: 5ab61723
// 同步 ID: 29f27f77 @ Tue Jul 14 12:25:44 UTC 2026
// 同步 ID: 3fadd173 @ Wed Jul 15 20:51:01 UTC 2026
// 重构日志: 9affd06c
